[2020-06-22 10:59:56.373] [sharedprocess] [info] main {"machineId":"8f5dd47b776b60097944188d40e517d7473783776223de9b44e8296de8130f03","windowId":2}
[2020-06-22 11:00:02.953] [sharedprocess] [info] Installing extension: alefragnani.bookmarks
[2020-06-22 11:00:02.954] [sharedprocess] [info] Installing extension: esbenp.prettier-vscode
[2020-06-22 11:00:02.954] [sharedprocess] [info] Installing extension: ms-dotnettools.csharp
[2020-06-22 11:00:02.954] [sharedprocess] [info] Installing extension: ms-python.python
[2020-06-22 11:00:03.692] [sharedprocess] [info] Downloaded extension: ms-dotnettools.csharp /tmp/5842568b-ffc9-4b87-b5a6-99d94b104d8f
[2020-06-22 11:00:03.825] [sharedprocess] [info] Extracted extension to /home/adame/.vscode-oss/extensions/.ms-dotnettools.csharp-1.22.1: ms-dotnettools.csharp
[2020-06-22 11:00:03.825] [sharedprocess] [info] Renamed to /home/adame/.vscode-oss/extensions/ms-dotnettools.csharp-1.22.1
[2020-06-22 11:00:03.829] [sharedprocess] [info] Installation completed. ms-dotnettools.csharp
[2020-06-22 11:00:03.892] [sharedprocess] [info] Downloaded extension: esbenp.prettier-vscode /tmp/f13727d8-f78d-4311-b978-6d9648dd7644
[2020-06-22 11:00:03.943] [sharedprocess] [info] Downloaded extension: alefragnani.bookmarks /tmp/49863712-f36c-433d-86af-890d16556134
[2020-06-22 11:00:03.966] [sharedprocess] [info] Extensions installed successfully: ms-dotnettools.csharp
[2020-06-22 11:00:04.347] [sharedprocess] [info] Extracted extension to /home/adame/.vscode-oss/extensions/.alefragnani.bookmarks-11.3.1: alefragnani.bookmarks
[2020-06-22 11:00:04.349] [sharedprocess] [info] Renamed to /home/adame/.vscode-oss/extensions/alefragnani.bookmarks-11.3.1
[2020-06-22 11:00:04.355] [sharedprocess] [info] Installation completed. alefragnani.bookmarks
[2020-06-22 11:00:04.479] [sharedprocess] [info] Extracted extension to /home/adame/.vscode-oss/extensions/.esbenp.prettier-vscode-5.1.0: esbenp.prettier-vscode
[2020-06-22 11:00:04.479] [sharedprocess] [info] Renamed to /home/adame/.vscode-oss/extensions/esbenp.prettier-vscode-5.1.0
[2020-06-22 11:00:04.481] [sharedprocess] [info] Installation completed. esbenp.prettier-vscode
[2020-06-22 11:00:04.601] [sharedprocess] [info] Extensions installed successfully: alefragnani.bookmarks
[2020-06-22 11:00:04.657] [sharedprocess] [info] Extensions installed successfully: esbenp.prettier-vscode
[2020-06-22 11:00:06.101] [sharedprocess] [info] Downloaded extension: ms-python.python /tmp/5d49c2d6-1c18-4539-ae43-dca9526c0aa6
[2020-06-22 11:00:10.696] [sharedprocess] [info] Extracted extension to /home/adame/.vscode-oss/extensions/.ms-python.python-2020.6.89148: ms-python.python
[2020-06-22 11:00:10.697] [sharedprocess] [info] Renamed to /home/adame/.vscode-oss/extensions/ms-python.python-2020.6.89148
[2020-06-22 11:00:10.710] [sharedprocess] [info] Installation completed. ms-python.python
[2020-06-22 11:00:10.843] [sharedprocess] [info] Extensions installed successfully: ms-python.python
[2020-06-22 11:00:36.402] [sharedprocess] [info] Starting to clean up unused language packs.
