[2020-06-14 22:18:06.371] [exthost] [info] extension host started
[2020-06-14 22:18:06.647] [exthost] [info] ExtensionService#_doActivateExtension aaron-bond.better-comments {"startup":false,"extensionId":{"value":"aaron-bond.better-comments","_lower":"aaron-bond.better-comments"},"activationEvent":"onLanguage:plaintext"}
[2020-06-14 22:18:06.648] [exthost] [info] ExtensionService#loadCommonJSModule file:///home/adame/.vscode-oss/extensions/aaron-bond.better-comments-2.0.5/out/extension
[2020-06-14 22:18:06.666] [exthost] [info] ExtensionService#_doActivateExtension vscode.debug-auto-launch {"startup":true,"extensionId":{"value":"vscode.debug-auto-launch","_lower":"vscode.debug-auto-launch"},"activationEvent":"*"}
[2020-06-14 22:18:06.666] [exthost] [info] ExtensionService#loadCommonJSModule file:///usr/lib/code/extensions/debug-auto-launch/dist/extension
[2020-06-14 22:18:06.672] [exthost] [info] ExtensionService#_doActivateExtension vscode.emmet {"startup":true,"extensionId":{"value":"vscode.emmet","_lower":"vscode.emmet"},"activationEvent":"*"}
[2020-06-14 22:18:06.680] [exthost] [info] ExtensionService#loadCommonJSModule file:///usr/lib/code/extensions/emmet/dist/extension
[2020-06-14 22:18:06.823] [exthost] [info] ExtensionService#_doActivateExtension vscode.git {"startup":true,"extensionId":{"value":"vscode.git","_lower":"vscode.git"},"activationEvent":"*"}
[2020-06-14 22:18:06.825] [exthost] [info] ExtensionService#loadCommonJSModule file:///usr/lib/code/extensions/git/dist/main
[2020-06-14 22:18:07.039] [exthost] [info] ExtensionService#_doActivateExtension vscode.github-authentication {"startup":true,"extensionId":{"value":"vscode.github-authentication","_lower":"vscode.github-authentication"},"activationEvent":"*"}
[2020-06-14 22:18:07.039] [exthost] [info] ExtensionService#loadCommonJSModule file:///usr/lib/code/extensions/github-authentication/dist/extension.js
[2020-06-14 22:18:07.077] [exthost] [info] ExtensionService#_doActivateExtension vscode.merge-conflict {"startup":true,"extensionId":{"value":"vscode.merge-conflict","_lower":"vscode.merge-conflict"},"activationEvent":"*"}
[2020-06-14 22:18:07.077] [exthost] [info] ExtensionService#loadCommonJSModule file:///usr/lib/code/extensions/merge-conflict/dist/extension
[2020-06-14 22:18:07.083] [exthost] [info] ExtensionService#_doActivateExtension vscode.search-result {"startup":true,"extensionId":{"value":"vscode.search-result","_lower":"vscode.search-result"},"activationEvent":"*"}
[2020-06-14 22:18:07.083] [exthost] [info] ExtensionService#loadCommonJSModule file:///usr/lib/code/extensions/search-result/dist/extension.js
[2020-06-14 22:18:07.085] [exthost] [info] ExtensionService#_doActivateExtension vscode.vscode-account {"startup":true,"extensionId":{"value":"vscode.vscode-account","_lower":"vscode.vscode-account"},"activationEvent":"*"}
[2020-06-14 22:18:07.086] [exthost] [info] ExtensionService#loadCommonJSModule file:///usr/lib/code/extensions/vscode-account/dist/extension.js
[2020-06-14 22:18:07.120] [exthost] [info] ExtensionService#_doActivateExtension alefragnani.Bookmarks {"startup":true,"extensionId":{"value":"alefragnani.Bookmarks","_lower":"alefragnani.bookmarks"},"activationEvent":"*"}
[2020-06-14 22:18:07.120] [exthost] [info] ExtensionService#loadCommonJSModule file:///home/adame/.vscode-oss/extensions/alefragnani.bookmarks-11.2.0/dist/extension
[2020-06-14 22:18:07.135] [exthost] [info] ExtensionService#_doActivateExtension bajdzis.vscode-twig-pack {"startup":true,"extensionId":{"value":"bajdzis.vscode-twig-pack","_lower":"bajdzis.vscode-twig-pack"},"activationEvent":"*"}
[2020-06-14 22:18:07.136] [exthost] [info] ExtensionService#loadCommonJSModule file:///home/adame/.vscode-oss/extensions/bajdzis.vscode-twig-pack-1.1.0/extension
[2020-06-14 22:18:07.139] [exthost] [info] ExtensionService#_doActivateExtension CoenraadS.bracket-pair-colorizer {"startup":true,"extensionId":{"value":"CoenraadS.bracket-pair-colorizer","_lower":"coenraads.bracket-pair-colorizer"},"activationEvent":"*"}
[2020-06-14 22:18:07.139] [exthost] [info] ExtensionService#loadCommonJSModule file:///home/adame/.vscode-oss/extensions/coenraads.bracket-pair-colorizer-1.0.61/out/src/extension
[2020-06-14 22:18:07.188] [exthost] [info] ExtensionService#_doActivateExtension dbaeumer.vscode-eslint {"startup":true,"extensionId":{"value":"dbaeumer.vscode-eslint","_lower":"dbaeumer.vscode-eslint"},"activationEvent":"*"}
[2020-06-14 22:18:07.188] [exthost] [info] ExtensionService#loadCommonJSModule file:///home/adame/.vscode-oss/extensions/dbaeumer.vscode-eslint-2.1.5/client/out/extension
[2020-06-14 22:18:07.196] [exthost] [info] ExtensionService#_doActivateExtension esbenp.prettier-vscode {"startup":true,"extensionId":{"value":"esbenp.prettier-vscode","_lower":"esbenp.prettier-vscode"},"activationEvent":"*"}
[2020-06-14 22:18:07.196] [exthost] [info] ExtensionService#loadCommonJSModule file:///home/adame/.vscode-oss/extensions/esbenp.prettier-vscode-5.0.0/dist/extension
[2020-06-14 22:18:07.476] [exthost] [info] ExtensionService#_doActivateExtension kiteco.kite {"startup":true,"extensionId":{"value":"kiteco.kite","_lower":"kiteco.kite"},"activationEvent":"*"}
[2020-06-14 22:18:07.476] [exthost] [info] ExtensionService#loadCommonJSModule file:///home/adame/.vscode-oss/extensions/kiteco.kite-0.117.0/dist/kite-extension
[2020-06-14 22:18:07.527] [exthost] [info] ExtensionService#_doActivateExtension naumovs.color-highlight {"startup":true,"extensionId":{"value":"naumovs.color-highlight","_lower":"naumovs.color-highlight"},"activationEvent":"*"}
[2020-06-14 22:18:07.527] [exthost] [info] ExtensionService#loadCommonJSModule file:///home/adame/.vscode-oss/extensions/naumovs.color-highlight-2.3.0/dist/extension
[2020-06-14 22:18:07.562] [exthost] [info] ExtensionService#_doActivateExtension pranaygp.vscode-css-peek {"startup":true,"extensionId":{"value":"pranaygp.vscode-css-peek","_lower":"pranaygp.vscode-css-peek"},"activationEvent":"*"}
[2020-06-14 22:18:07.562] [exthost] [info] ExtensionService#loadCommonJSModule file:///home/adame/.vscode-oss/extensions/pranaygp.vscode-css-peek-3.0.2/out/client/src/extension
[2020-06-14 22:18:07.623] [exthost] [info] ExtensionService#_doActivateExtension ritwickdey.LiveServer {"startup":true,"extensionId":{"value":"ritwickdey.LiveServer","_lower":"ritwickdey.liveserver"},"activationEvent":"*"}
[2020-06-14 22:18:07.626] [exthost] [info] ExtensionService#loadCommonJSModule file:///home/adame/.vscode-oss/extensions/ritwickdey.liveserver-5.6.1/out/src/extension
[2020-06-14 22:18:08.437] [exthost] [info] ExtensionService#_doActivateExtension Shan.code-settings-sync {"startup":true,"extensionId":{"value":"Shan.code-settings-sync","_lower":"shan.code-settings-sync"},"activationEvent":"*"}
[2020-06-14 22:18:08.437] [exthost] [info] ExtensionService#loadCommonJSModule file:///home/adame/.vscode-oss/extensions/shan.code-settings-sync-3.4.3/out/extension.js
[2020-06-14 22:18:08.515] [exthost] [info] ExtensionService#_doActivateExtension vscode-icons-team.vscode-icons {"startup":true,"extensionId":{"value":"vscode-icons-team.vscode-icons","_lower":"vscode-icons-team.vscode-icons"},"activationEvent":"*"}
[2020-06-14 22:18:08.515] [exthost] [info] ExtensionService#loadCommonJSModule file:///home/adame/.vscode-oss/extensions/vscode-icons-team.vscode-icons-10.1.1/dist/src/vscode-icons.bundle.js
[2020-06-14 22:18:08.555] [exthost] [info] ExtensionService#_doActivateExtension Zignd.html-css-class-completion {"startup":true,"extensionId":{"value":"Zignd.html-css-class-completion","_lower":"zignd.html-css-class-completion"},"activationEvent":"*"}
[2020-06-14 22:18:08.555] [exthost] [info] ExtensionService#loadCommonJSModule file:///home/adame/.vscode-oss/extensions/zignd.html-css-class-completion-1.19.0/out/src/extension
[2020-06-14 22:18:09.171] [exthost] [info] eager extensions activated
[2020-06-14 22:18:21.773] [exthost] [info] ExtensionService#_doActivateExtension vscode.typescript-language-features {"startup":false,"extensionId":{"value":"vscode.typescript-language-features","_lower":"vscode.typescript-language-features"},"activationEvent":"onLanguage:javascript"}
[2020-06-14 22:18:21.773] [exthost] [info] ExtensionService#loadCommonJSModule file:///usr/lib/code/extensions/typescript-language-features/dist/extension
[2020-06-14 22:18:21.824] [exthost] [info] ExtensionService#_doActivateExtension ecmel.vscode-html-css {"startup":false,"extensionId":{"value":"ecmel.vscode-html-css","_lower":"ecmel.vscode-html-css"},"activationEvent":"onLanguage:javascript"}
[2020-06-14 22:18:21.824] [exthost] [info] ExtensionService#loadCommonJSModule file:///home/adame/.vscode-oss/extensions/ecmel.vscode-html-css-0.2.3/dist/extension
[2020-06-14 22:18:22.041] [exthost] [info] ExtensionService#_doActivateExtension VisualStudioExptTeam.vscodeintellicode {"startup":false,"extensionId":{"value":"VisualStudioExptTeam.vscodeintellicode","_lower":"visualstudioexptteam.vscodeintellicode"},"activationEvent":"onLanguage:javascript"}
[2020-06-14 22:18:22.041] [exthost] [info] ExtensionService#loadCommonJSModule file:///home/adame/.vscode-oss/extensions/visualstudioexptteam.vscodeintellicode-1.2.8/dist/intellicode
[2020-06-14 22:18:27.384] [exthost] [info] [vscode.typescript-language-features] UNSAVE result from 'resolveCompletionItem', extension SHOULD NOT change any of: additionalTextEdits, or command
[2020-06-14 22:19:10.826] [exthost] [info] ExtensionService#_doActivateExtension vscode.extension-editing {"startup":false,"extensionId":{"value":"vscode.extension-editing","_lower":"vscode.extension-editing"},"activationEvent":"onLanguage:markdown"}
[2020-06-14 22:19:10.826] [exthost] [info] ExtensionService#loadCommonJSModule file:///usr/lib/code/extensions/extension-editing/dist/extension
[2020-06-14 22:19:10.857] [exthost] [info] ExtensionService#_doActivateExtension vscode.markdown-language-features {"startup":false,"extensionId":{"value":"vscode.markdown-language-features","_lower":"vscode.markdown-language-features"},"activationEvent":"onLanguage:markdown"}
[2020-06-14 22:19:10.857] [exthost] [info] ExtensionService#loadCommonJSModule file:///usr/lib/code/extensions/markdown-language-features/dist/extension
