["INFO" - 17:02:24] Extension Name: esbenp.prettier-vscode.
["INFO" - 17:02:24] Extension Version: 5.1.0.
["INFO" - 17:02:24] Enabling prettier for languages
[
  "css",
  "graphql",
  "html",
  "javascript",
  "javascriptreact",
  "json",
  "json5",
  "jsonc",
  "less",
  "markdown",
  "mdx",
  "mongo",
  "postcss",
  "scss",
  "typescript",
  "typescriptreact",
  "vue",
  "yaml"
]
["INFO" - 17:02:25] Enabling prettier for range supported languages
[
  "graphql",
  "javascript",
  "javascriptreact",
  "json",
  "typescript",
  "typescriptreact"
]
["INFO" - 17:09:21] Formatting /home/adame/Documentos/Novo blog/index.html
["INFO" - 17:09:21] Using ignore file (if present) at /home/adame/Documentos/Novo blog/.prettierignore
["INFO" - 17:09:21] Using bundled version of prettier.
["INFO" - 17:09:21] File Info:
{
  "ignored": false,
  "inferredParser": "html"
}
["INFO" - 17:09:21] No local configuration (i.e. .prettierrc or .editorconfig) detected, falling back to VS Code configuration
["INFO" - 17:09:21] Prettier Options:
{
  "arrowParens": "always",
  "bracketSpacing": true,
  "endOfLine": "lf",
  "htmlWhitespaceSensitivity": "css",
  "insertPragma": false,
  "jsxBracketSameLine": false,
  "jsxSingleQuote": false,
  "printWidth": 80,
  "proseWrap": "preserve",
  "quoteProps": "as-needed",
  "requirePragma": false,
  "semi": true,
  "singleQuote": false,
  "tabWidth": 2,
  "trailingComma": "es5",
  "useTabs": false,
  "vueIndentScriptAndStyle": false,
  "filepath": "/home/adame/Documentos/Novo blog/index.html",
  "parser": "html"
}
["INFO" - 17:09:21] Formatting completed in 122.138314ms.
["INFO" - 17:09:46] Formatting /home/adame/Documentos/Novo blog/index.html
["INFO" - 17:09:46] Using ignore file (if present) at /home/adame/Documentos/Novo blog/.prettierignore
["INFO" - 17:09:46] Using bundled version of prettier.
["INFO" - 17:09:46] File Info:
{
  "ignored": false,
  "inferredParser": "html"
}
["INFO" - 17:09:46] No local configuration (i.e. .prettierrc or .editorconfig) detected, falling back to VS Code configuration
["INFO" - 17:09:46] Prettier Options:
{
  "arrowParens": "always",
  "bracketSpacing": true,
  "endOfLine": "lf",
  "htmlWhitespaceSensitivity": "css",
  "insertPragma": false,
  "jsxBracketSameLine": false,
  "jsxSingleQuote": false,
  "printWidth": 80,
  "proseWrap": "preserve",
  "quoteProps": "as-needed",
  "requirePragma": false,
  "semi": true,
  "singleQuote": false,
  "tabWidth": 2,
  "trailingComma": "es5",
  "useTabs": false,
  "vueIndentScriptAndStyle": false,
  "filepath": "/home/adame/Documentos/Novo blog/index.html",
  "parser": "html"
}
["INFO" - 17:09:46] Formatting completed in 120.760534ms.
["INFO" - 17:11:34] Formatting /home/adame/Documentos/Novo blog/index.html
["INFO" - 17:11:34] Using ignore file (if present) at /home/adame/Documentos/Novo blog/.prettierignore
["INFO" - 17:11:34] Using bundled version of prettier.
["INFO" - 17:11:34] File Info:
{
  "ignored": false,
  "inferredParser": "html"
}
["INFO" - 17:11:34] No local configuration (i.e. .prettierrc or .editorconfig) detected, falling back to VS Code configuration
["INFO" - 17:11:34] Prettier Options:
{
  "arrowParens": "always",
  "bracketSpacing": true,
  "endOfLine": "lf",
  "htmlWhitespaceSensitivity": "css",
  "insertPragma": false,
  "jsxBracketSameLine": false,
  "jsxSingleQuote": false,
  "printWidth": 80,
  "proseWrap": "preserve",
  "quoteProps": "as-needed",
  "requirePragma": false,
  "semi": true,
  "singleQuote": false,
  "tabWidth": 2,
  "trailingComma": "es5",
  "useTabs": false,
  "vueIndentScriptAndStyle": false,
  "filepath": "/home/adame/Documentos/Novo blog/index.html",
  "parser": "html"
}
["INFO" - 17:11:34] Formatting completed in 110.80965ms.
