[2020-06-27 23:11:47.986] [exthost] [info] extension host started
[2020-06-27 23:11:48.012] [exthost] [info] ExtensionService#_doActivateExtension aaron-bond.better-comments {"startup":false,"extensionId":{"value":"aaron-bond.better-comments","_lower":"aaron-bond.better-comments"},"activationEvent":"onLanguage:plaintext"}
[2020-06-27 23:11:48.012] [exthost] [info] ExtensionService#loadCommonJSModule file:///home/adame/.vscode-oss/extensions/aaron-bond.better-comments-2.0.5/out/extension
[2020-06-27 23:11:48.159] [exthost] [info] ExtensionService#_doActivateExtension vscode.emmet {"startup":false,"extensionId":{"value":"vscode.emmet","_lower":"vscode.emmet"},"activationEvent":"onLanguage:html"}
[2020-06-27 23:11:48.159] [exthost] [info] ExtensionService#loadCommonJSModule file:///usr/lib/code/extensions/emmet/dist/extension
[2020-06-27 23:11:48.268] [exthost] [info] ExtensionService#_doActivateExtension vscode.html-language-features {"startup":false,"extensionId":{"value":"vscode.html-language-features","_lower":"vscode.html-language-features"},"activationEvent":"onLanguage:html"}
[2020-06-27 23:11:48.268] [exthost] [info] ExtensionService#loadCommonJSModule file:///usr/lib/code/extensions/html-language-features/client/dist/htmlMain
[2020-06-27 23:11:48.334] [exthost] [info] ExtensionService#_doActivateExtension ecmel.vscode-html-css {"startup":false,"extensionId":{"value":"ecmel.vscode-html-css","_lower":"ecmel.vscode-html-css"},"activationEvent":"onLanguage:html"}
[2020-06-27 23:11:48.334] [exthost] [info] ExtensionService#loadCommonJSModule file:///home/adame/.vscode-oss/extensions/ecmel.vscode-html-css-0.2.3/dist/extension
[2020-06-27 23:11:48.442] [exthost] [info] ExtensionService#_doActivateExtension vscode.debug-auto-launch {"startup":true,"extensionId":{"value":"vscode.debug-auto-launch","_lower":"vscode.debug-auto-launch"},"activationEvent":"*"}
[2020-06-27 23:11:48.442] [exthost] [info] ExtensionService#loadCommonJSModule file:///usr/lib/code/extensions/debug-auto-launch/dist/extension
[2020-06-27 23:11:48.483] [exthost] [info] ExtensionService#_doActivateExtension vscode.git {"startup":true,"extensionId":{"value":"vscode.git","_lower":"vscode.git"},"activationEvent":"*"}
[2020-06-27 23:11:48.483] [exthost] [info] ExtensionService#loadCommonJSModule file:///usr/lib/code/extensions/git/dist/main
[2020-06-27 23:11:48.639] [exthost] [info] ExtensionService#_doActivateExtension vscode.github-authentication {"startup":true,"extensionId":{"value":"vscode.github-authentication","_lower":"vscode.github-authentication"},"activationEvent":"*"}
[2020-06-27 23:11:48.639] [exthost] [info] ExtensionService#loadCommonJSModule file:///usr/lib/code/extensions/github-authentication/dist/extension.js
[2020-06-27 23:11:48.656] [exthost] [info] ExtensionService#_doActivateExtension vscode.merge-conflict {"startup":true,"extensionId":{"value":"vscode.merge-conflict","_lower":"vscode.merge-conflict"},"activationEvent":"*"}
[2020-06-27 23:11:48.656] [exthost] [info] ExtensionService#loadCommonJSModule file:///usr/lib/code/extensions/merge-conflict/dist/extension
[2020-06-27 23:11:48.679] [exthost] [info] ExtensionService#_doActivateExtension vscode.search-result {"startup":true,"extensionId":{"value":"vscode.search-result","_lower":"vscode.search-result"},"activationEvent":"*"}
[2020-06-27 23:11:48.679] [exthost] [info] ExtensionService#loadCommonJSModule file:///usr/lib/code/extensions/search-result/dist/extension.js
[2020-06-27 23:11:48.697] [exthost] [info] ExtensionService#_doActivateExtension vscode.vscode-account {"startup":true,"extensionId":{"value":"vscode.vscode-account","_lower":"vscode.vscode-account"},"activationEvent":"*"}
[2020-06-27 23:11:48.697] [exthost] [info] ExtensionService#loadCommonJSModule file:///usr/lib/code/extensions/vscode-account/dist/extension.js
[2020-06-27 23:11:48.788] [exthost] [info] ExtensionService#_doActivateExtension alefragnani.Bookmarks {"startup":true,"extensionId":{"value":"alefragnani.Bookmarks","_lower":"alefragnani.bookmarks"},"activationEvent":"*"}
[2020-06-27 23:11:48.788] [exthost] [info] ExtensionService#loadCommonJSModule file:///home/adame/.vscode-oss/extensions/alefragnani.bookmarks-11.3.1/dist/extension
[2020-06-27 23:11:48.830] [exthost] [info] ExtensionService#_doActivateExtension bajdzis.vscode-twig-pack {"startup":true,"extensionId":{"value":"bajdzis.vscode-twig-pack","_lower":"bajdzis.vscode-twig-pack"},"activationEvent":"*"}
[2020-06-27 23:11:48.830] [exthost] [info] ExtensionService#loadCommonJSModule file:///home/adame/.vscode-oss/extensions/bajdzis.vscode-twig-pack-1.1.0/extension
[2020-06-27 23:11:48.884] [exthost] [info] ExtensionService#_doActivateExtension CoenraadS.bracket-pair-colorizer {"startup":true,"extensionId":{"value":"CoenraadS.bracket-pair-colorizer","_lower":"coenraads.bracket-pair-colorizer"},"activationEvent":"*"}
[2020-06-27 23:11:48.885] [exthost] [info] ExtensionService#loadCommonJSModule file:///home/adame/.vscode-oss/extensions/coenraads.bracket-pair-colorizer-1.0.61/out/src/extension
[2020-06-27 23:11:49.161] [exthost] [info] ExtensionService#_doActivateExtension dbaeumer.vscode-eslint {"startup":true,"extensionId":{"value":"dbaeumer.vscode-eslint","_lower":"dbaeumer.vscode-eslint"},"activationEvent":"*"}
[2020-06-27 23:11:49.161] [exthost] [info] ExtensionService#loadCommonJSModule file:///home/adame/.vscode-oss/extensions/dbaeumer.vscode-eslint-2.1.5/client/out/extension
[2020-06-27 23:11:49.208] [exthost] [info] ExtensionService#_doActivateExtension esbenp.prettier-vscode {"startup":true,"extensionId":{"value":"esbenp.prettier-vscode","_lower":"esbenp.prettier-vscode"},"activationEvent":"*"}
[2020-06-27 23:11:49.208] [exthost] [info] ExtensionService#loadCommonJSModule file:///home/adame/.vscode-oss/extensions/esbenp.prettier-vscode-5.1.0/dist/extension
[2020-06-27 23:11:49.445] [exthost] [info] ExtensionService#_doActivateExtension kiteco.kite {"startup":true,"extensionId":{"value":"kiteco.kite","_lower":"kiteco.kite"},"activationEvent":"*"}
[2020-06-27 23:11:49.445] [exthost] [info] ExtensionService#loadCommonJSModule file:///home/adame/.vscode-oss/extensions/kiteco.kite-0.119.0/dist/kite-extension
[2020-06-27 23:11:49.517] [exthost] [info] ExtensionService#_doActivateExtension naumovs.color-highlight {"startup":true,"extensionId":{"value":"naumovs.color-highlight","_lower":"naumovs.color-highlight"},"activationEvent":"*"}
[2020-06-27 23:11:49.518] [exthost] [info] ExtensionService#loadCommonJSModule file:///home/adame/.vscode-oss/extensions/naumovs.color-highlight-2.3.0/dist/extension
[2020-06-27 23:11:49.585] [exthost] [info] ExtensionService#_doActivateExtension pranaygp.vscode-css-peek {"startup":true,"extensionId":{"value":"pranaygp.vscode-css-peek","_lower":"pranaygp.vscode-css-peek"},"activationEvent":"*"}
[2020-06-27 23:11:49.585] [exthost] [info] ExtensionService#loadCommonJSModule file:///home/adame/.vscode-oss/extensions/pranaygp.vscode-css-peek-3.0.2/out/client/src/extension
[2020-06-27 23:11:49.801] [exthost] [info] ExtensionService#_doActivateExtension ritwickdey.LiveServer {"startup":true,"extensionId":{"value":"ritwickdey.LiveServer","_lower":"ritwickdey.liveserver"},"activationEvent":"*"}
[2020-06-27 23:11:49.802] [exthost] [info] ExtensionService#loadCommonJSModule file:///home/adame/.vscode-oss/extensions/ritwickdey.liveserver-5.6.1/out/src/extension
[2020-06-27 23:11:55.701] [exthost] [info] ExtensionService#_doActivateExtension Shan.code-settings-sync {"startup":true,"extensionId":{"value":"Shan.code-settings-sync","_lower":"shan.code-settings-sync"},"activationEvent":"*"}
[2020-06-27 23:11:55.701] [exthost] [info] ExtensionService#loadCommonJSModule file:///home/adame/.vscode-oss/extensions/shan.code-settings-sync-3.4.3/out/extension.js
[2020-06-27 23:11:56.143] [exthost] [info] ExtensionService#_doActivateExtension vscode-icons-team.vscode-icons {"startup":true,"extensionId":{"value":"vscode-icons-team.vscode-icons","_lower":"vscode-icons-team.vscode-icons"},"activationEvent":"*"}
[2020-06-27 23:11:56.143] [exthost] [info] ExtensionService#loadCommonJSModule file:///home/adame/.vscode-oss/extensions/vscode-icons-team.vscode-icons-10.1.1/dist/src/vscode-icons.bundle.js
[2020-06-27 23:11:56.411] [exthost] [info] ExtensionService#_doActivateExtension Zignd.html-css-class-completion {"startup":true,"extensionId":{"value":"Zignd.html-css-class-completion","_lower":"zignd.html-css-class-completion"},"activationEvent":"*"}
[2020-06-27 23:11:56.411] [exthost] [info] ExtensionService#loadCommonJSModule file:///home/adame/.vscode-oss/extensions/zignd.html-css-class-completion-1.19.0/out/src/extension
[2020-06-27 23:12:03.435] [exthost] [info] extension host started
[2020-06-27 23:12:03.536] [exthost] [info] ExtensionService#_doActivateExtension aaron-bond.better-comments {"startup":false,"extensionId":{"value":"aaron-bond.better-comments","_lower":"aaron-bond.better-comments"},"activationEvent":"onLanguage:plaintext"}
[2020-06-27 23:12:03.536] [exthost] [info] ExtensionService#loadCommonJSModule file:///home/adame/.vscode-oss/extensions/aaron-bond.better-comments-2.0.5/out/extension
[2020-06-27 23:12:03.546] [exthost] [info] ExtensionService#_doActivateExtension vscode.debug-auto-launch {"startup":true,"extensionId":{"value":"vscode.debug-auto-launch","_lower":"vscode.debug-auto-launch"},"activationEvent":"*"}
[2020-06-27 23:12:03.546] [exthost] [info] ExtensionService#loadCommonJSModule file:///usr/lib/code/extensions/debug-auto-launch/dist/extension
[2020-06-27 23:12:03.550] [exthost] [info] ExtensionService#_doActivateExtension vscode.emmet {"startup":true,"extensionId":{"value":"vscode.emmet","_lower":"vscode.emmet"},"activationEvent":"*"}
[2020-06-27 23:12:03.550] [exthost] [info] ExtensionService#loadCommonJSModule file:///usr/lib/code/extensions/emmet/dist/extension
[2020-06-27 23:12:03.579] [exthost] [info] ExtensionService#_doActivateExtension vscode.git {"startup":true,"extensionId":{"value":"vscode.git","_lower":"vscode.git"},"activationEvent":"*"}
[2020-06-27 23:12:03.579] [exthost] [info] ExtensionService#loadCommonJSModule file:///usr/lib/code/extensions/git/dist/main
[2020-06-27 23:12:03.638] [exthost] [info] ExtensionService#_doActivateExtension vscode.github-authentication {"startup":true,"extensionId":{"value":"vscode.github-authentication","_lower":"vscode.github-authentication"},"activationEvent":"*"}
[2020-06-27 23:12:03.638] [exthost] [info] ExtensionService#loadCommonJSModule file:///usr/lib/code/extensions/github-authentication/dist/extension.js
[2020-06-27 23:12:03.651] [exthost] [info] ExtensionService#_doActivateExtension vscode.merge-conflict {"startup":true,"extensionId":{"value":"vscode.merge-conflict","_lower":"vscode.merge-conflict"},"activationEvent":"*"}
[2020-06-27 23:12:03.651] [exthost] [info] ExtensionService#loadCommonJSModule file:///usr/lib/code/extensions/merge-conflict/dist/extension
[2020-06-27 23:12:03.655] [exthost] [info] ExtensionService#_doActivateExtension vscode.search-result {"startup":true,"extensionId":{"value":"vscode.search-result","_lower":"vscode.search-result"},"activationEvent":"*"}
[2020-06-27 23:12:03.655] [exthost] [info] ExtensionService#loadCommonJSModule file:///usr/lib/code/extensions/search-result/dist/extension.js
[2020-06-27 23:12:03.657] [exthost] [info] ExtensionService#_doActivateExtension vscode.vscode-account {"startup":true,"extensionId":{"value":"vscode.vscode-account","_lower":"vscode.vscode-account"},"activationEvent":"*"}
[2020-06-27 23:12:03.657] [exthost] [info] ExtensionService#loadCommonJSModule file:///usr/lib/code/extensions/vscode-account/dist/extension.js
[2020-06-27 23:12:03.669] [exthost] [info] ExtensionService#_doActivateExtension alefragnani.Bookmarks {"startup":true,"extensionId":{"value":"alefragnani.Bookmarks","_lower":"alefragnani.bookmarks"},"activationEvent":"*"}
[2020-06-27 23:12:03.669] [exthost] [info] ExtensionService#loadCommonJSModule file:///home/adame/.vscode-oss/extensions/alefragnani.bookmarks-11.3.1/dist/extension
[2020-06-27 23:12:03.673] [exthost] [info] ExtensionService#_doActivateExtension bajdzis.vscode-twig-pack {"startup":true,"extensionId":{"value":"bajdzis.vscode-twig-pack","_lower":"bajdzis.vscode-twig-pack"},"activationEvent":"*"}
[2020-06-27 23:12:03.673] [exthost] [info] ExtensionService#loadCommonJSModule file:///home/adame/.vscode-oss/extensions/bajdzis.vscode-twig-pack-1.1.0/extension
[2020-06-27 23:12:03.675] [exthost] [info] ExtensionService#_doActivateExtension CoenraadS.bracket-pair-colorizer {"startup":true,"extensionId":{"value":"CoenraadS.bracket-pair-colorizer","_lower":"coenraads.bracket-pair-colorizer"},"activationEvent":"*"}
[2020-06-27 23:12:03.675] [exthost] [info] ExtensionService#loadCommonJSModule file:///home/adame/.vscode-oss/extensions/coenraads.bracket-pair-colorizer-1.0.61/out/src/extension
[2020-06-27 23:12:03.691] [exthost] [info] ExtensionService#_doActivateExtension dbaeumer.vscode-eslint {"startup":true,"extensionId":{"value":"dbaeumer.vscode-eslint","_lower":"dbaeumer.vscode-eslint"},"activationEvent":"*"}
[2020-06-27 23:12:03.691] [exthost] [info] ExtensionService#loadCommonJSModule file:///home/adame/.vscode-oss/extensions/dbaeumer.vscode-eslint-2.1.5/client/out/extension
[2020-06-27 23:12:03.696] [exthost] [info] ExtensionService#_doActivateExtension esbenp.prettier-vscode {"startup":true,"extensionId":{"value":"esbenp.prettier-vscode","_lower":"esbenp.prettier-vscode"},"activationEvent":"*"}
[2020-06-27 23:12:03.696] [exthost] [info] ExtensionService#loadCommonJSModule file:///home/adame/.vscode-oss/extensions/esbenp.prettier-vscode-5.1.0/dist/extension
[2020-06-27 23:12:03.820] [exthost] [info] ExtensionService#_doActivateExtension kiteco.kite {"startup":true,"extensionId":{"value":"kiteco.kite","_lower":"kiteco.kite"},"activationEvent":"*"}
[2020-06-27 23:12:03.820] [exthost] [info] ExtensionService#loadCommonJSModule file:///home/adame/.vscode-oss/extensions/kiteco.kite-0.119.0/dist/kite-extension
[2020-06-27 23:12:03.833] [exthost] [info] ExtensionService#_doActivateExtension naumovs.color-highlight {"startup":true,"extensionId":{"value":"naumovs.color-highlight","_lower":"naumovs.color-highlight"},"activationEvent":"*"}
[2020-06-27 23:12:03.833] [exthost] [info] ExtensionService#loadCommonJSModule file:///home/adame/.vscode-oss/extensions/naumovs.color-highlight-2.3.0/dist/extension
[2020-06-27 23:12:03.849] [exthost] [info] ExtensionService#_doActivateExtension pranaygp.vscode-css-peek {"startup":true,"extensionId":{"value":"pranaygp.vscode-css-peek","_lower":"pranaygp.vscode-css-peek"},"activationEvent":"*"}
[2020-06-27 23:12:03.849] [exthost] [info] ExtensionService#loadCommonJSModule file:///home/adame/.vscode-oss/extensions/pranaygp.vscode-css-peek-3.0.2/out/client/src/extension
[2020-06-27 23:12:03.875] [exthost] [info] ExtensionService#_doActivateExtension ritwickdey.LiveServer {"startup":true,"extensionId":{"value":"ritwickdey.LiveServer","_lower":"ritwickdey.liveserver"},"activationEvent":"*"}
[2020-06-27 23:12:03.875] [exthost] [info] ExtensionService#loadCommonJSModule file:///home/adame/.vscode-oss/extensions/ritwickdey.liveserver-5.6.1/out/src/extension
[2020-06-27 23:12:04.276] [exthost] [info] ExtensionService#_doActivateExtension Shan.code-settings-sync {"startup":true,"extensionId":{"value":"Shan.code-settings-sync","_lower":"shan.code-settings-sync"},"activationEvent":"*"}
[2020-06-27 23:12:04.276] [exthost] [info] ExtensionService#loadCommonJSModule file:///home/adame/.vscode-oss/extensions/shan.code-settings-sync-3.4.3/out/extension.js
[2020-06-27 23:12:04.335] [exthost] [info] ExtensionService#_doActivateExtension vscode-icons-team.vscode-icons {"startup":true,"extensionId":{"value":"vscode-icons-team.vscode-icons","_lower":"vscode-icons-team.vscode-icons"},"activationEvent":"*"}
[2020-06-27 23:12:04.335] [exthost] [info] ExtensionService#loadCommonJSModule file:///home/adame/.vscode-oss/extensions/vscode-icons-team.vscode-icons-10.1.1/dist/src/vscode-icons.bundle.js
[2020-06-27 23:12:04.363] [exthost] [info] ExtensionService#_doActivateExtension Zignd.html-css-class-completion {"startup":true,"extensionId":{"value":"Zignd.html-css-class-completion","_lower":"zignd.html-css-class-completion"},"activationEvent":"*"}
[2020-06-27 23:12:04.363] [exthost] [info] ExtensionService#loadCommonJSModule file:///home/adame/.vscode-oss/extensions/zignd.html-css-class-completion-1.19.0/out/src/extension
[2020-06-27 23:12:05.122] [exthost] [info] eager extensions activated
[2020-06-27 23:12:10.387] [exthost] [info] ExtensionService#_doActivateExtension vscode.extension-editing {"startup":false,"extensionId":{"value":"vscode.extension-editing","_lower":"vscode.extension-editing"},"activationEvent":"onLanguage:markdown"}
[2020-06-27 23:12:10.388] [exthost] [info] ExtensionService#loadCommonJSModule file:///usr/lib/code/extensions/extension-editing/dist/extension
[2020-06-27 23:12:10.573] [exthost] [info] ExtensionService#_doActivateExtension vscode.markdown-language-features {"startup":false,"extensionId":{"value":"vscode.markdown-language-features","_lower":"vscode.markdown-language-features"},"activationEvent":"onLanguage:markdown"}
[2020-06-27 23:12:10.573] [exthost] [info] ExtensionService#loadCommonJSModule file:///usr/lib/code/extensions/markdown-language-features/dist/extension
